app/build/intermediates/manifest_merge_blame_file/debug/manifest-merger-blame-debug-report.txt
1<?xml version="1.0" encoding="utf-8"?>
2<manifest xmlns:android="http://schemas.android.com/apk/res/android"
3    package="com.swipefwd"
4    android:versionCode="10"
5    android:versionName="1.0.1" >
6
7    <uses-sdk
8        android:minSdkVersion="23"
8-->src/main/AndroidManifest.xml
9        android:targetSdkVersion="32" />
9-->src/main/AndroidManifest.xml
10
11    <uses-permission android:name="android.permission.INTERNET" />
11-->src/main/AndroidManifest.xml:6:5-67
11-->src/main/AndroidManifest.xml:6:22-64
12    <uses-permission android:name="android.permission.READ_EXTERNAL_STORAGE" />
12-->src/main/AndroidManifest.xml:7:5-80
12-->src/main/AndroidManifest.xml:7:22-77
13    <uses-permission
13-->src/main/AndroidManifest.xml:8:5-10:38
14        android:name="android.permission.WRITE_EXTERNAL_STORAGE"
14-->src/main/AndroidManifest.xml:9:9-65
15        android:maxSdkVersion="28" /> <!-- Android 10 and above, you don’t need this permission anymore. -->
15-->src/main/AndroidManifest.xml:10:9-35
16    <uses-permission android:name="android.permission.CAMERA" />
16-->src/main/AndroidManifest.xml:11:5-65
16-->src/main/AndroidManifest.xml:11:22-62
17    <uses-permission android:name="android.permission.RECORD_AUDIO" />
17-->src/main/AndroidManifest.xml:12:5-71
17-->src/main/AndroidManifest.xml:12:22-68
18    <uses-permission android:name="android.permission.READ_CONTACTS" />
18-->src/main/AndroidManifest.xml:13:5-72
18-->src/main/AndroidManifest.xml:13:22-69
19    <uses-permission android:name="android.permission.ACCESS_FINE_LOCATION" />
19-->src/main/AndroidManifest.xml:14:5-79
19-->src/main/AndroidManifest.xml:14:22-76
20    <uses-permission android:name="android.permission.ACCESS_COARSE_LOCATION" />
20-->src/main/AndroidManifest.xml:15:5-81
20-->src/main/AndroidManifest.xml:15:22-78
21    <uses-permission android:name="android.permission.SEND_SMS" />
21-->src/main/AndroidManifest.xml:16:5-67
21-->src/main/AndroidManifest.xml:16:22-64
22    <uses-permission android:name="android.permission.RECEIVE_SMS" />
22-->src/main/AndroidManifest.xml:17:5-70
22-->src/main/AndroidManifest.xml:17:22-67
23    <uses-permission android:name="android.permission.READ_SMS" />
23-->src/main/AndroidManifest.xml:18:5-67
23-->src/main/AndroidManifest.xml:18:22-64
24    <uses-permission android:name="com.android.vending.BILLING" />
24-->src/main/AndroidManifest.xml:19:5-67
24-->src/main/AndroidManifest.xml:19:22-64
25
26    <permission android:name="android.permission.FLASHLIGHT" />
26-->src/main/AndroidManifest.xml:20:5-63
26-->src/main/AndroidManifest.xml:20:17-61
27
28    <uses-permission android:name="android.permission.MANAGE_EXTERNAL_STORAGE" />
28-->src/main/AndroidManifest.xml:21:5-82
28-->src/main/AndroidManifest.xml:21:22-79
29
30    <uses-feature
30-->src/main/AndroidManifest.xml:23:5-25:35
31        android:name="android.hardware.camera"
31-->src/main/AndroidManifest.xml:24:9-47
32        android:required="true" />
32-->src/main/AndroidManifest.xml:25:9-32
33
34    <queries>
34-->src/main/AndroidManifest.xml:27:5-31:15
35        <intent>
35-->src/main/AndroidManifest.xml:28:9-30:18
36            <action android:name="android.media.action.IMAGE_CAPTURE" />
36-->src/main/AndroidManifest.xml:29:13-73
36-->src/main/AndroidManifest.xml:29:21-70
37        </intent>
38        <!-- Query Open Document -->
39        <intent>
39-->[com.github.dhaval2404:imagepicker:2.1] AndroidManifest.xml:16:9-18:18
40            <action android:name="android.intent.action.OPEN_DOCUMENT_TREE" />
40-->[com.github.dhaval2404:imagepicker:2.1] AndroidManifest.xml:17:13-79
40-->[com.github.dhaval2404:imagepicker:2.1] AndroidManifest.xml:17:21-76
41        </intent> <!-- Needs to be explicitly declared on Android R+ -->
42        <package android:name="com.google.android.apps.maps" />
42-->[com.google.android.gms:play-services-maps:18.1.0] AndroidManifest.xml:33:9-64
42-->[com.google.android.gms:play-services-maps:18.1.0] AndroidManifest.xml:33:18-61
43    </queries>
44    <queries>
44-->src/main/AndroidManifest.xml:27:5-31:15
45        <provider android:authorities="com.facebook.katana.provider.PlatformProvider" /> <!-- allows app to access Facebook app features -->
45-->src/main/AndroidManifest.xml:33:9-89
45-->src/main/AndroidManifest.xml:33:19-86
46        <provider android:authorities="com.facebook.orca.provider.PlatformProvider" /> <!-- allows sharing to Messenger app -->
46-->src/main/AndroidManifest.xml:33:9-89
46-->src/main/AndroidManifest.xml:33:19-86
47    </queries>
48    <queries>
48-->src/main/AndroidManifest.xml:27:5-31:15
49        <package android:name="com.facebook.katana" />
49-->src/main/AndroidManifest.xml:37:9-55
49-->src/main/AndroidManifest.xml:37:18-52
50    </queries>
51
52    <!-- For remote config -->
53    <uses-permission android:name="android.permission.ACCESS_NETWORK_STATE" />
53-->[com.google.mlkit:pose-detection-common:18.0.0-beta2] AndroidManifest.xml:7:5-79
53-->[com.google.mlkit:pose-detection-common:18.0.0-beta2] AndroidManifest.xml:7:22-76
54    <uses-permission android:name="com.google.android.gms.permission.AD_ID" />
54-->[com.facebook.android:facebook-core:14.1.0] AndroidManifest.xml:28:5-79
54-->[com.facebook.android:facebook-core:14.1.0] AndroidManifest.xml:28:22-76
55    <uses-permission android:name="android.permission.ACCESS_WIFI_STATE" />
55-->[com.google.android.libraries.places:places:2.6.0] AndroidManifest.xml:10:5-76
55-->[com.google.android.libraries.places:places:2.6.0] AndroidManifest.xml:10:22-73
56
57    <uses-feature
57-->[com.google.android.gms:play-services-maps:18.1.0] AndroidManifest.xml:26:5-28:35
58        android:glEsVersion="0x00020000"
58-->[com.google.android.gms:play-services-maps:18.1.0] AndroidManifest.xml:27:9-41
59        android:required="true" />
59-->[com.google.android.gms:play-services-maps:18.1.0] AndroidManifest.xml:28:9-32
60
61    <uses-permission android:name="android.permission.WAKE_LOCK" /> <!-- Required by older versions of Google Play services to create IID tokens -->
61-->[com.google.firebase:firebase-messaging:23.0.0] AndroidManifest.xml:23:5-68
61-->[com.google.firebase:firebase-messaging:23.0.0] AndroidManifest.xml:23:22-65
62    <uses-permission android:name="com.google.android.c2dm.permission.RECEIVE" />
62-->[com.google.firebase:firebase-messaging:23.0.0] AndroidManifest.xml:25:5-82
62-->[com.google.firebase:firebase-messaging:23.0.0] AndroidManifest.xml:25:22-79
63    <uses-permission android:name="com.google.android.finsky.permission.BIND_GET_INSTALL_REFERRER_SERVICE" />
63-->[com.google.android.gms:play-services-measurement:20.0.0] AndroidManifest.xml:26:5-110
63-->[com.google.android.gms:play-services-measurement:20.0.0] AndroidManifest.xml:26:22-107
64    <uses-permission android:name="android.permission.RECEIVE_BOOT_COMPLETED" />
64-->[androidx.work:work-runtime:2.7.0] AndroidManifest.xml:27:5-81
64-->[androidx.work:work-runtime:2.7.0] AndroidManifest.xml:27:22-78
65    <uses-permission android:name="android.permission.FOREGROUND_SERVICE" />
65-->[androidx.work:work-runtime:2.7.0] AndroidManifest.xml:28:5-77
65-->[androidx.work:work-runtime:2.7.0] AndroidManifest.xml:28:22-74
66
67    <application
67-->src/main/AndroidManifest.xml:40:5-430:19
68        android:name="com.swipefwd.utils.AppController"
68-->src/main/AndroidManifest.xml:41:9-44
69        android:allowBackup="false"
69-->src/main/AndroidManifest.xml:42:9-36
70        android:appComponentFactory="androidx.core.app.CoreComponentFactory"
70-->[androidx.core:core:1.7.0] AndroidManifest.xml:24:18-86
71        android:debuggable="true"
72        android:extractNativeLibs="false"
73        android:hardwareAccelerated="true"
73-->src/main/AndroidManifest.xml:43:9-43
74        android:icon="@mipmap/ic_launcher"
74-->src/main/AndroidManifest.xml:44:9-43
75        android:label="@string/app_name"
75-->src/main/AndroidManifest.xml:45:9-41
76        android:largeHeap="true"
76-->src/main/AndroidManifest.xml:46:9-33
77        android:requestLegacyExternalStorage="true"
77-->src/main/AndroidManifest.xml:47:9-52
78        android:roundIcon="@mipmap/ic_launcher"
78-->src/main/AndroidManifest.xml:48:9-48
79        android:supportsRtl="true"
79-->src/main/AndroidManifest.xml:49:9-35
80        android:testOnly="true"
81        android:theme="@style/AppTheme"
81-->src/main/AndroidManifest.xml:50:9-40
82        android:usesCleartextTraffic="true" >
82-->src/main/AndroidManifest.xml:51:9-44
83        <activity
83-->src/main/AndroidManifest.xml:53:9-63:20
84            android:name="com.swipefwd.ui.auth.otpverify.OtpActivity"
84-->src/main/AndroidManifest.xml:54:13-58
85            android:exported="false"
85-->src/main/AndroidManifest.xml:55:13-37
86            android:screenOrientation="nosensor"
86-->src/main/AndroidManifest.xml:56:13-49
87            android:theme="@style/noAnimTheme" >
87-->src/main/AndroidManifest.xml:57:13-47
88
89            <!--
90            <intent-filter>
91                <action android:name="android.intent.action.MAIN" />
92
93                <category android:name="android.intent.category.LAUNCHER" />
94            </intent-filter>
95            -->
96        </activity>
97        <activity
97-->src/main/AndroidManifest.xml:64:9-66:40
98            android:name="com.swipefwd.ui.activity.ActivityCameraVerification"
98-->src/main/AndroidManifest.xml:65:13-67
99            android:exported="false" />
99-->src/main/AndroidManifest.xml:66:13-37
100        <activity
100-->src/main/AndroidManifest.xml:67:9-82:20
101            android:name="com.swipefwd.ui.auth.phone.PhoneNumberActivity"
101-->src/main/AndroidManifest.xml:68:13-62
102            android:exported="true"
102-->src/main/AndroidManifest.xml:72:13-36
103            android:label="@string/app_name"
103-->src/main/AndroidManifest.xml:69:13-45
104            android:screenOrientation="nosensor"
104-->src/main/AndroidManifest.xml:70:13-49
105            android:theme="@style/noAnimTheme"
105-->src/main/AndroidManifest.xml:71:13-47
106            android:windowSoftInputMode="adjustResize" >
106-->src/main/AndroidManifest.xml:73:13-55
107            <intent-filter android:label="@string/app_name" >
107-->src/main/AndroidManifest.xml:74:13-81:29
107-->src/main/AndroidManifest.xml:75:17-49
108                <action android:name="android.intent.action.VIEW" />
108-->src/main/AndroidManifest.xml:77:17-69
108-->src/main/AndroidManifest.xml:77:25-66
109
110                <category android:name="android.intent.category.DEFAULT" />
110-->src/main/AndroidManifest.xml:79:17-76
110-->src/main/AndroidManifest.xml:79:27-73
111                <category android:name="android.intent.category.BROWSABLE" />
111-->src/main/AndroidManifest.xml:80:17-78
111-->src/main/AndroidManifest.xml:80:27-75
112            </intent-filter>
113        </activity>
114        <activity
114-->src/main/AndroidManifest.xml:83:9-85:40
115            android:name="com.swipefwd.ui.profile.CheckEmailActivity"
115-->src/main/AndroidManifest.xml:84:13-58
116            android:exported="false" />
116-->src/main/AndroidManifest.xml:85:13-37
117        <activity
117-->src/main/AndroidManifest.xml:86:9-89:58
118            android:name="com.swipefwd.ui.profile.AccountRecoveryActivity"
118-->src/main/AndroidManifest.xml:87:13-63
119            android:exported="false"
119-->src/main/AndroidManifest.xml:88:13-37
120            android:windowSoftInputMode="adjustResize" />
120-->src/main/AndroidManifest.xml:89:13-55
121        <activity
121-->src/main/AndroidManifest.xml:90:9-93:52
122            android:name="com.swipefwd.ui.tutorial.onboard.OnBoardingActivity"
122-->src/main/AndroidManifest.xml:91:13-67
123            android:exported="true"
123-->src/main/AndroidManifest.xml:92:13-36
124            android:screenOrientation="nosensor" />
124-->src/main/AndroidManifest.xml:93:13-49
125        <activity
125-->src/main/AndroidManifest.xml:94:9-103:20
126            android:name="com.swipefwd.ui.video.VideoTutorial"
126-->src/main/AndroidManifest.xml:95:13-51
127            android:exported="true"
127-->src/main/AndroidManifest.xml:96:13-36
128            android:screenOrientation="nosensor" >
128-->src/main/AndroidManifest.xml:97:13-49
129
130            <!--
131            <intent-filter>
132                <action android:name="android.intent.action.MAIN" />
133
134                <category android:name="android.intent.category.LAUNCHER" />
135            </intent-filter>
136            -->
137        </activity>
138        <activity
138-->src/main/AndroidManifest.xml:104:9-107:52
139            android:name="com.swipefwd.ui.tutorial.TutorialActivity"
139-->src/main/AndroidManifest.xml:105:13-57
140            android:exported="true"
140-->src/main/AndroidManifest.xml:106:13-36
141            android:screenOrientation="nosensor" />
141-->src/main/AndroidManifest.xml:107:13-49
142        <activity
142-->src/main/AndroidManifest.xml:108:9-111:52
143            android:name="com.swipefwd.ui.tutorial.welcome.WelcomeActivity"
143-->src/main/AndroidManifest.xml:109:13-64
144            android:exported="true"
144-->src/main/AndroidManifest.xml:110:13-36
145            android:screenOrientation="nosensor" />
145-->src/main/AndroidManifest.xml:111:13-49
146        <activity
146-->src/main/AndroidManifest.xml:112:9-116:59
147            android:name="com.swipefwd.ui.auth.sociallogin.google.GoogleLogInActivity"
147-->src/main/AndroidManifest.xml:113:13-75
148            android:exported="false"
148-->src/main/AndroidManifest.xml:114:13-37
149            android:screenOrientation="nosensor"
149-->src/main/AndroidManifest.xml:115:13-49
150            android:theme="@style/Activity.Transparent" />
150-->src/main/AndroidManifest.xml:116:13-56
151        <activity
151-->src/main/AndroidManifest.xml:117:9-121:59
152            android:name="com.swipefwd.ui.auth.sociallogin.facebook.FacebookLoginActivity"
152-->src/main/AndroidManifest.xml:118:13-79
153            android:exported="false"
153-->src/main/AndroidManifest.xml:119:13-37
154            android:screenOrientation="nosensor"
154-->src/main/AndroidManifest.xml:120:13-49
155            android:theme="@style/Activity.Transparent" />
155-->src/main/AndroidManifest.xml:121:13-56
156        <activity
156-->src/main/AndroidManifest.xml:122:9-126:59
157            android:name="com.swipefwd.ui.auth.sociallogin.linkedin.LinkedInLoginActivity"
157-->src/main/AndroidManifest.xml:123:13-79
158            android:exported="false"
158-->src/main/AndroidManifest.xml:124:13-37
159            android:screenOrientation="nosensor"
159-->src/main/AndroidManifest.xml:125:13-49
160            android:theme="@style/Activity.Transparent" />
160-->src/main/AndroidManifest.xml:126:13-56
161        <activity
161-->src/main/AndroidManifest.xml:127:9-130:52
162            android:name="com.swipefwd.ui.home.settings.PurchaseSuccessActivity"
162-->src/main/AndroidManifest.xml:128:13-69
163            android:exported="false"
163-->src/main/AndroidManifest.xml:129:13-37
164            android:screenOrientation="nosensor" />
164-->src/main/AndroidManifest.xml:130:13-49
165        <activity
165-->src/main/AndroidManifest.xml:131:9-134:52
166            android:name="com.swipefwd.ui.home.settings.tutorials.TutorialActivity"
166-->src/main/AndroidManifest.xml:132:13-72
167            android:exported="false"
167-->src/main/AndroidManifest.xml:133:13-37
168            android:screenOrientation="nosensor" />
168-->src/main/AndroidManifest.xml:134:13-49
169        <activity
169-->src/main/AndroidManifest.xml:135:9-137:52
170            android:name="com.swipefwd.ui.swiping.dater_both.InstagramFullScreenActivity"
170-->src/main/AndroidManifest.xml:136:13-78
171            android:screenOrientation="nosensor" />
171-->src/main/AndroidManifest.xml:137:13-49
172        <activity
172-->src/main/AndroidManifest.xml:138:9-140:52
173            android:name="com.swipefwd.ui.swiping.dater_both.SwipeChatActivity"
173-->src/main/AndroidManifest.xml:139:13-68
174            android:screenOrientation="nosensor" />
174-->src/main/AndroidManifest.xml:140:13-49
175        <activity
175-->src/main/AndroidManifest.xml:141:9-143:52
176            android:name="com.swipefwd.ui.home.AgreementActivity"
176-->src/main/AndroidManifest.xml:142:13-54
177            android:screenOrientation="nosensor" /> <!-- <activity -->
177-->src/main/AndroidManifest.xml:143:13-49
178        <!-- android:name=".ui.auth.phone.PhoneNumberActivity" -->
179        <!-- android:screenOrientation="nosensor" -->
180        <!-- android:theme="@style/noAnimTheme" /> -->
181        <activity
181-->src/main/AndroidManifest.xml:147:9-149:52
182            android:name="com.swipefwd.ui.auth.sociallogin.linkedin.LinkedInWebActivity"
182-->src/main/AndroidManifest.xml:148:13-77
183            android:screenOrientation="nosensor" />
183-->src/main/AndroidManifest.xml:149:13-49
184        <activity
184-->src/main/AndroidManifest.xml:150:9-152:52
185            android:name="com.swipefwd.ui.swiping.dater_both.ChangePreferencesActivity"
185-->src/main/AndroidManifest.xml:151:13-76
186            android:screenOrientation="nosensor" />
186-->src/main/AndroidManifest.xml:152:13-49
187        <activity
187-->src/main/AndroidManifest.xml:153:9-155:52
188            android:name="com.swipefwd.ui.swiping.dater_both.NoProfilesActivity"
188-->src/main/AndroidManifest.xml:154:13-69
189            android:screenOrientation="nosensor" />
189-->src/main/AndroidManifest.xml:155:13-49
190        <activity
190-->src/main/AndroidManifest.xml:156:9-158:52
191            android:name="com.swipefwd.ui.home.LoadingActivity"
191-->src/main/AndroidManifest.xml:157:13-52
192            android:screenOrientation="nosensor" /> <!-- android:theme="@style/AppTheme.FullScreen" -->
192-->src/main/AndroidManifest.xml:158:13-49
193        <activity
193-->src/main/AndroidManifest.xml:159:9-161:52
194            android:name="com.swipefwd.ui.swiping.dater_both.SwipeProfileActivity"
194-->src/main/AndroidManifest.xml:160:13-71
195            android:screenOrientation="nosensor" />
195-->src/main/AndroidManifest.xml:161:13-49
196        <activity
196-->src/main/AndroidManifest.xml:162:9-164:52
197            android:name="com.swipefwd.ui.swiping.dater_both.SingleFriendProfileDarkActivity"
197-->src/main/AndroidManifest.xml:163:13-82
198            android:screenOrientation="nosensor" />
198-->src/main/AndroidManifest.xml:164:13-49
199        <activity
199-->src/main/AndroidManifest.xml:165:9-167:52
200            android:name="com.swipefwd.ui.home.message.BlockReasonActivity"
200-->src/main/AndroidManifest.xml:166:13-64
201            android:screenOrientation="nosensor" />
201-->src/main/AndroidManifest.xml:167:13-49
202        <activity
202-->src/main/AndroidManifest.xml:168:9-170:52
203            android:name="com.swipefwd.ui.home.message.ChatActivity"
203-->src/main/AndroidManifest.xml:169:13-57
204            android:screenOrientation="nosensor" />
204-->src/main/AndroidManifest.xml:170:13-49
205        <activity
205-->src/main/AndroidManifest.xml:171:9-173:52
206            android:name="com.swipefwd.ui.home.message.MatchChatActivity"
206-->src/main/AndroidManifest.xml:172:13-62
207            android:screenOrientation="nosensor" />
207-->src/main/AndroidManifest.xml:173:13-49
208        <activity
208-->src/main/AndroidManifest.xml:174:9-177:55
209            android:name="com.swipefwd.ui.home.TabManagerActivity"
209-->src/main/AndroidManifest.xml:175:13-55
210            android:theme="@style/noAnimTheme"
210-->src/main/AndroidManifest.xml:176:13-47
211            android:windowSoftInputMode="adjustPan" />
211-->src/main/AndroidManifest.xml:177:13-52
212        <activity
212-->src/main/AndroidManifest.xml:178:9-180:52
213            android:name="com.swipefwd.ui.profile.AdvancePreferenceActivity"
213-->src/main/AndroidManifest.xml:179:13-65
214            android:screenOrientation="nosensor" />
214-->src/main/AndroidManifest.xml:180:13-49
215        <activity
215-->src/main/AndroidManifest.xml:181:9-184:58
216            android:name="com.swipefwd.ui.home.settings.UpdateAppActivity"
216-->src/main/AndroidManifest.xml:182:13-63
217            android:screenOrientation="nosensor"
217-->src/main/AndroidManifest.xml:183:13-49
218            android:theme="@style/AppTheme.FullScreen" />
218-->src/main/AndroidManifest.xml:184:13-55
219        <activity
219-->src/main/AndroidManifest.xml:185:9-188:58
220            android:name="com.swipefwd.ui.home.settings.AccountSuspendActivity"
220-->src/main/AndroidManifest.xml:186:13-68
221            android:screenOrientation="nosensor"
221-->src/main/AndroidManifest.xml:187:13-49
222            android:theme="@style/AppTheme.FullScreen" />
222-->src/main/AndroidManifest.xml:188:13-55
223        <activity
223-->src/main/AndroidManifest.xml:189:9-191:52
224            android:name="com.swipefwd.ui.home.settings.ContactActivity"
224-->src/main/AndroidManifest.xml:190:13-61
225            android:screenOrientation="nosensor" />
225-->src/main/AndroidManifest.xml:191:13-49
226        <activity
226-->src/main/AndroidManifest.xml:192:9-194:52
227            android:name="com.swipefwd.ui.home.settings.ProfileActivity"
227-->src/main/AndroidManifest.xml:193:13-61
228            android:screenOrientation="nosensor" />
228-->src/main/AndroidManifest.xml:194:13-49
229        <activity
229-->src/main/AndroidManifest.xml:195:9-197:52
230            android:name="com.swipefwd.ui.home.settings.deleteaccount.DeleteReasonActivity"
230-->src/main/AndroidManifest.xml:196:13-80
231            android:screenOrientation="nosensor" />
231-->src/main/AndroidManifest.xml:197:13-49
232        <activity
232-->src/main/AndroidManifest.xml:198:9-201:58
233            android:name="com.swipefwd.ui.home.settings.deleteaccount.AccountDeletedActivity"
233-->src/main/AndroidManifest.xml:199:13-82
234            android:screenOrientation="nosensor"
234-->src/main/AndroidManifest.xml:200:13-49
235            android:theme="@style/AppTheme.FullScreen" />
235-->src/main/AndroidManifest.xml:201:13-55
236        <activity
236-->src/main/AndroidManifest.xml:202:9-204:52
237            android:name="com.swipefwd.ui.home.settings.AccountActivity"
237-->src/main/AndroidManifest.xml:203:13-61
238            android:screenOrientation="nosensor" />
238-->src/main/AndroidManifest.xml:204:13-49
239        <activity
239-->src/main/AndroidManifest.xml:205:9-208:57
240            android:name="com.swipefwd.ui.profile.LocationActivity"
240-->src/main/AndroidManifest.xml:206:13-56
241            android:screenOrientation="nosensor"
241-->src/main/AndroidManifest.xml:207:13-49
242            android:theme="@style/AppTheme.MapScreen" />
242-->src/main/AndroidManifest.xml:208:13-54
243        <activity
243-->src/main/AndroidManifest.xml:209:9-228:20
244            android:name="com.swipefwd.ui.auth.login.LoginActivity"
244-->src/main/AndroidManifest.xml:210:13-56
245            android:exported="true"
245-->src/main/AndroidManifest.xml:211:13-36
246            android:screenOrientation="nosensor" >
246-->src/main/AndroidManifest.xml:212:13-49
247
248            <!-- Accepts URIs that begin with "http://www.example.com/gizmos” -->
249            <!-- note that the leading "/" is required for pathPrefix -->
250            <!-- Accepts URIs that begin with "example://gizmos” -->
251            <!-- <data android:scheme="example" -->
252            <!-- android:host="gizmos" /> -->
253
254
255            <!--
256            <intent-filter
257                android:label="@string/app_name"
258                tools:ignore="AppLinkUrlError">
259                <action android:name="android.intent.action.VIEW" />
260
261                <category android:name="android.intent.category.DEFAULT" />
262                <category android:name="android.intent.category.BROWSABLE" />
263            </intent-filter>
264            -->
265            <!-- commented by nirali -->
266        </activity>
267        <activity
267-->src/main/AndroidManifest.xml:229:9-267:20
268            android:name="com.swipefwd.ui.splash.SplashActivity"
268-->src/main/AndroidManifest.xml:230:13-53
269            android:exported="true"
269-->src/main/AndroidManifest.xml:232:13-36
270            android:noHistory="true"
270-->src/main/AndroidManifest.xml:231:13-37
271            android:screenOrientation="nosensor" >
271-->src/main/AndroidManifest.xml:233:13-49
272            <intent-filter>
272-->src/main/AndroidManifest.xml:234:13-238:29
273                <action android:name="android.intent.action.MAIN" />
273-->src/main/AndroidManifest.xml:235:17-69
273-->src/main/AndroidManifest.xml:235:25-66
274
275                <category android:name="android.intent.category.LAUNCHER" />
275-->src/main/AndroidManifest.xml:237:17-77
275-->src/main/AndroidManifest.xml:237:27-74
276            </intent-filter>
277            <intent-filter android:label="@string/app_name" >
277-->src/main/AndroidManifest.xml:239:13-249:29
277-->src/main/AndroidManifest.xml:239:28-60
278                <action android:name="android.intent.action.VIEW" />
278-->src/main/AndroidManifest.xml:77:17-69
278-->src/main/AndroidManifest.xml:77:25-66
279
280                <category android:name="android.intent.category.DEFAULT" />
280-->src/main/AndroidManifest.xml:79:17-76
280-->src/main/AndroidManifest.xml:79:27-73
281                <category android:name="android.intent.category.BROWSABLE" />
281-->src/main/AndroidManifest.xml:80:17-78
281-->src/main/AndroidManifest.xml:80:27-75
282
283                <data
283-->src/main/AndroidManifest.xml:245:17-248:46
284                    android:host="swipefwdapp.page.link"
284-->src/main/AndroidManifest.xml:246:21-57
285                    android:pathPrefix="/"
285-->src/main/AndroidManifest.xml:247:21-43
286                    android:scheme="https" />
286-->src/main/AndroidManifest.xml:248:21-43
287            </intent-filter>
288            <intent-filter
288-->src/main/AndroidManifest.xml:250:13-266:29
289                android:autoVerify="true"
289-->src/main/AndroidManifest.xml:251:17-42
290                android:label="SwipeFWD" >
290-->src/main/AndroidManifest.xml:252:17-41
291                <action android:name="android.intent.action.VIEW" />
291-->src/main/AndroidManifest.xml:77:17-69
291-->src/main/AndroidManifest.xml:77:25-66
292
293                <category android:name="android.intent.category.DEFAULT" />
293-->src/main/AndroidManifest.xml:79:17-76
293-->src/main/AndroidManifest.xml:79:27-73
294                <category android:name="android.intent.category.BROWSABLE" />
294-->src/main/AndroidManifest.xml:80:17-78
294-->src/main/AndroidManifest.xml:80:27-75
295
296                <data
296-->src/main/AndroidManifest.xml:245:17-248:46
297                    android:host="swipefwd.com"
297-->src/main/AndroidManifest.xml:246:21-57
298                    android:pathPattern=".*"
298-->src/main/AndroidManifest.xml:260:21-45
299                    android:scheme="http" />
299-->src/main/AndroidManifest.xml:248:21-43
300                <data
300-->src/main/AndroidManifest.xml:245:17-248:46
301                    android:host="swipefwd.com"
301-->src/main/AndroidManifest.xml:246:21-57
302                    android:pathPattern=".*"
302-->src/main/AndroidManifest.xml:260:21-45
303                    android:scheme="https" />
303-->src/main/AndroidManifest.xml:248:21-43
304            </intent-filter>
305        </activity>
306        <activity
306-->src/main/AndroidManifest.xml:268:9-271:50
307            android:name="com.swipefwd.ui.auth.register.UserInfoActivity"
307-->src/main/AndroidManifest.xml:269:13-62
308            android:screenOrientation="nosensor"
308-->src/main/AndroidManifest.xml:270:13-49
309            android:theme="@style/noAnimTheme" />
309-->src/main/AndroidManifest.xml:271:13-47
310        <activity
310-->src/main/AndroidManifest.xml:272:9-277:20
311            android:name="com.swipefwd.ui.updateuserprofile.UserProfileActivity"
311-->src/main/AndroidManifest.xml:273:13-69
312            android:exported="true"
312-->src/main/AndroidManifest.xml:274:13-38
313            android:screenOrientation="nosensor" >
313-->src/main/AndroidManifest.xml:275:13-49
314        </activity>
315        <activity
315-->src/main/AndroidManifest.xml:278:9-287:20
316            android:name="com.swipefwd.ui.profile.PreferencesActivity"
316-->src/main/AndroidManifest.xml:279:13-59
317            android:exported="true"
317-->src/main/AndroidManifest.xml:281:13-36
318            android:screenOrientation="nosensor" >
318-->src/main/AndroidManifest.xml:280:13-49
319
320            <!--
321            <intent-filter>
322                <action android:name="android.intent.action.MAIN" />
323
324                <category android:name="android.intent.category.LAUNCHER" />
325            </intent-filter>
326            -->
327        </activity>
328        <activity
328-->src/main/AndroidManifest.xml:288:9-290:52
329            android:name="com.swipefwd.ui.home.tribe.ContactsActivity"
329-->src/main/AndroidManifest.xml:289:13-59
330            android:screenOrientation="nosensor" />
330-->src/main/AndroidManifest.xml:290:13-49
331        <activity
331-->src/main/AndroidManifest.xml:291:9-293:52
332            android:name="com.swipefwd.ui.home.tribe.SelectedContactListActivity"
332-->src/main/AndroidManifest.xml:292:13-70
333            android:screenOrientation="nosensor" />
333-->src/main/AndroidManifest.xml:293:13-49
334        <activity
334-->src/main/AndroidManifest.xml:294:9-296:52
335            android:name="com.swipefwd.ui.home.wallet.BuyCoinsActivity"
335-->src/main/AndroidManifest.xml:295:13-60
336            android:screenOrientation="nosensor" />
336-->src/main/AndroidManifest.xml:296:13-49
337        <activity
337-->src/main/AndroidManifest.xml:297:9-299:52
338            android:name="com.swipefwd.ui.home.wallet.GiftCoinsActivity"
338-->src/main/AndroidManifest.xml:298:13-61